C03AADE200000000
C03AADE200000000
C071CF0184800000
C0680250A4000000
C03AADE200000000
0000000000000000
0000000000000000
C03AADE200000000
C071CF0184800000
C0680250A4000000
C03AADE200000000
0000000000000000
0000000000000000
C03AADE200000000
C071CF0184800000
C0680250A4000000
C03AADE200000000
0000000000000000
C0406CB640000000
C0721264B0800000
0000000000000000
C0406CB640000000
0000000000000000
0000000000000000
C0406CB640000000
C0721264B0800000
0000000000000000
C0406CB640000000
0000000000000000
0000000000000000
C0406CB640000000
C0721264B0800000
0000000000000000
C0406CB640000000
0000000000000000
0000000000000000
C0406CB640000000
C06233A989000000
C02DB1A900000000
C059B51792000000
0000000000000000
C02DB1A900000000
0000000000000000
C06233A989000000
C02DB1A900000000
C059B51792000000
0000000000000000
C02DB1A900000000
0000000000000000
C06233A989000000
C02DB1A900000000
C059B51792000000
0000000000000000
C02DB1A900000000
